#
# A fatal error has been detected by the Java Runtime Environment:
#
#  Internal Error (classFileParser.cpp:3075), pid=3656, tid=852
#  Error: ShouldNotReachHere()
#
# JRE version: 6.0_16-b01
# Java VM: Java HotSpot(TM) Client VM (14.2-b01 mixed mode windows-x86 )
# If you would like to submit a bug report, please visit:
#   http://java.sun.com/webapps/bugreport/crash.jsp
#

---------------  T H R E A D  ---------------

Current thread (0x00846800):  JavaThread "Unknown thread" [_thread_in_vm, id=852, stack(0x008d0000,0x00920000)]

Stack: [0x008d0000,0x00920000],  sp=0x0091f924,  free space=318k
Native frames: (J=compiled Java code, j=interpreted, Vv=VM code, C=native code)
V  [jvm.dll+0x1e66c7]
V  [jvm.dll+0xa0c09]
V  [jvm.dll+0x73792]
V  [jvm.dll+0x74e04]
V  [jvm.dll+0x1b6336]
V  [jvm.dll+0x1b69ce]
V  [jvm.dll+0x1b6d85]
V  [jvm.dll+0x1b6dcb]
V  [jvm.dll+0x1b6ef2]
V  [jvm.dll+0x1b6f6a]
V  [jvm.dll+0x1b701d]
V  [jvm.dll+0x1b7232]
V  [jvm.dll+0x1d6153]
V  [jvm.dll+0x1d658c]
V  [jvm.dll+0xd66f1]
V  [jvm.dll+0x1d05e2]
V  [jvm.dll+0xfedc0]
C  [javaw.exe+0x1657]
C  [javaw.exe+0x1e2c]
C  [javaw.exe+0x833e]
C  [kernel32.dll+0xb729]


---------------  P R O C E S S  ---------------

Java Threads: ( => current thread )

Other Threads:

=>0x00846800 (exited) JavaThread "Unknown thread" [_thread_in_vm, id=852, stack(0x008d0000,0x00920000)]

VM state:not at safepoint (not fully initialized)

VM Mutex/Monitor currently owned by a thread: None

Dynamic libraries:
0x00400000 - 0x00424000 	D:\Java\jdk1.6.0_16\bin\javaw.exe
0x7c900000 - 0x7c9b2000 	C:\WINDOWS\system32\ntdll.dll
0x7c800000 - 0x7c8f6000 	C:\WINDOWS\system32\kernel32.dll
0x77dd0000 - 0x77e6b000 	C:\WINDOWS\system32\ADVAPI32.dll
0x77e70000 - 0x77f02000 	C:\WINDOWS\system32\RPCRT4.dll
0x77fe0000 - 0x77ff1000 	C:\WINDOWS\system32\Secur32.dll
0x7e410000 - 0x7e4a1000 	C:\WINDOWS\system32\USER32.dll
0x77f10000 - 0x77f59000 	C:\WINDOWS\system32\GDI32.dll
0x76390000 - 0x763ad000 	C:\WINDOWS\system32\IMM32.DLL
0x629c0000 - 0x629c9000 	C:\WINDOWS\system32\LPK.DLL
0x74d90000 - 0x74dfb000 	C:\WINDOWS\system32\USP10.dll
0x7c340000 - 0x7c396000 	D:\Java\jdk1.6.0_16\jre\bin\msvcr71.dll
0x6d8b0000 - 0x6db3b000 	D:\Java\jdk1.6.0_16\jre\bin\client\jvm.dll
0x76b40000 - 0x76b6d000 	C:\WINDOWS\system32\WINMM.dll
0x6d860000 - 0x6d86c000 	D:\Java\jdk1.6.0_16\jre\bin\verify.dll
0x6d3e0000 - 0x6d3ff000 	D:\Java\jdk1.6.0_16\jre\bin\java.dll
0x6d340000 - 0x6d348000 	D:\Java\jdk1.6.0_16\jre\bin\hpi.dll
0x76bf0000 - 0x76bfb000 	C:\WINDOWS\system32\PSAPI.DLL
0x6d8a0000 - 0x6d8af000 	D:\Java\jdk1.6.0_16\jre\bin\zip.dll

VM Arguments:
jvm_args: -Xbootclasspath:F:\courses\Software Engineering\android\android-sdk-windows-1.5_r3\platforms\android-1.1\android.jar 
java_command: com.game.weichi.GoPlayer
Launcher Type: SUN_STANDARD

Environment Variables:
JAVA_HOME=D:\Java\jdk1.6.0_16
CLASSPATH=.;D:\Java\jdk1.6.0_16\lib\dt.jar;D:\Java\jdk1.6.0_16\lib\tools.jar;F:\courses\Software Engineering\Junit\junit4.5\junit-4.5.jar
PATH=D:\Java\jdk1.6.0_16\bin\..\jre\bin\client;D:\Java\jdk1.6.0_16\bin\..\jre\bin;D:\Java\jdk1.6.0_16\bin;C:\WINDOWS\system32;C:\WINDOWS;C:\WINDOWS\System32\Wbem;C:\Program Files\Common Files\Thunder Network\KanKan\Codecs;D:\Program Files\TortoiseSVN\bin;D:\Program Files\MATLAB\R2009a\bin;D:\Program Files\MATLAB\R2009a\bin\win32;F:\courses\Software Engineering\android\android-sdk-windows-1.6_r1\tools;D:\Java\jdk1.6.0_16\bin;d:\Program Files\StormII\Codec;Program Files\StormII;D:\TEC80\BIN
USERNAME=branda
OS=Windows_NT
PROCESSOR_IDENTIFIER=x86 Family 6 Model 15 Stepping 13, GenuineIntel



---------------  S Y S T E M  ---------------

OS: Windows XP Build 2600 Service Pack 3

CPU:total 2 (2 cores per cpu, 1 threads per core) family 6 model 15 stepping 13, cmov, cx8, fxsr, mmx, sse, sse2, sse3, ssse3

Memory: 4k page, physical 2086852k(914172k free), swap 4024868k(2900064k free)

vm_info: Java HotSpot(TM) Client VM (14.2-b01) for windows-x86 JRE (1.6.0_16-b01), built on Jul 31 2009 11:26:58 by "java_re" with MS VC++ 7.1

time: Mon Oct 19 15:14:01 2009
elapsed time: 0 seconds

