#
# A fatal error has been detected by the Java Runtime Environment:
#
#  Internal Error (classFileParser.cpp:3075), pid=2732, tid=6136
#  Error: ShouldNotReachHere()
#
# JRE version: 6.0_15-b03
# Java VM: Java HotSpot(TM) Client VM (14.1-b02 mixed mode windows-x86 )
# If you would like to submit a bug report, please visit:
#   http://java.sun.com/webapps/bugreport/crash.jsp
#

---------------  T H R E A D  ---------------

Current thread (0x00846800):  JavaThread "Unknown thread" [_thread_in_vm, id=6136, stack(0x00900000,0x00950000)]

Stack: [0x00900000,0x00950000],  sp=0x0094f924,  free space=318k
Native frames: (J=compiled Java code, j=interpreted, Vv=VM code, C=native code)
V  [jvm.dll+0x1e6647]
V  [jvm.dll+0xa0c09]
V  [jvm.dll+0x73792]
V  [jvm.dll+0x74e04]
V  [jvm.dll+0x1b62b6]
V  [jvm.dll+0x1b694e]
V  [jvm.dll+0x1b6d05]
V  [jvm.dll+0x1b6d4b]
V  [jvm.dll+0x1b6e72]
V  [jvm.dll+0x1b6eea]
V  [jvm.dll+0x1b6f9d]
V  [jvm.dll+0x1b71b2]
V  [jvm.dll+0x1d60d3]
V  [jvm.dll+0x1d650c]
V  [jvm.dll+0xd6601]
V  [jvm.dll+0x1d0562]
V  [jvm.dll+0xfedd0]
C  [javaw.exe+0x1657]
C  [javaw.exe+0x1e2c]
C  [javaw.exe+0x833e]
C  [kernel32.dll+0xb729]


---------------  P R O C E S S  ---------------

Java Threads: ( => current thread )

Other Threads:

=>0x00846800 (exited) JavaThread "Unknown thread" [_thread_in_vm, id=6136, stack(0x00900000,0x00950000)]

VM state:not at safepoint (not fully initialized)

VM Mutex/Monitor currently owned by a thread: None

Dynamic libraries:
0x00400000 - 0x00424000 	C:\Program Files\Java\jre6\bin\javaw.exe
0x7c900000 - 0x7c9b2000 	C:\WINDOWS\system32\ntdll.dll
0x7c800000 - 0x7c8f6000 	C:\WINDOWS\system32\kernel32.dll
0x77dd0000 - 0x77e6b000 	C:\WINDOWS\system32\ADVAPI32.dll
0x77e70000 - 0x77f02000 	C:\WINDOWS\system32\RPCRT4.dll
0x77fe0000 - 0x77ff1000 	C:\WINDOWS\system32\Secur32.dll
0x7e410000 - 0x7e4a1000 	C:\WINDOWS\system32\USER32.dll
0x77f10000 - 0x77f59000 	C:\WINDOWS\system32\GDI32.dll
0x76390000 - 0x763ad000 	C:\WINDOWS\system32\IMM32.DLL
0x629c0000 - 0x629c9000 	C:\WINDOWS\system32\LPK.DLL
0x74d90000 - 0x74dfb000 	C:\WINDOWS\system32\USP10.dll
0x7c340000 - 0x7c396000 	C:\Program Files\Java\jre6\bin\msvcr71.dll
0x6d800000 - 0x6da8b000 	C:\Program Files\Java\jre6\bin\client\jvm.dll
0x76b40000 - 0x76b6d000 	C:\WINDOWS\system32\WINMM.dll
0x5dac0000 - 0x5dac8000 	C:\WINDOWS\system32\rdpsnd.dll
0x76360000 - 0x76370000 	C:\WINDOWS\system32\WINSTA.dll
0x5b860000 - 0x5b8b5000 	C:\WINDOWS\system32\NETAPI32.dll
0x77c10000 - 0x77c68000 	C:\WINDOWS\system32\msvcrt.dll
0x76bf0000 - 0x76bfb000 	C:\WINDOWS\system32\PSAPI.DLL
0x6d7b0000 - 0x6d7bc000 	C:\Program Files\Java\jre6\bin\verify.dll
0x6d330000 - 0x6d34f000 	C:\Program Files\Java\jre6\bin\java.dll
0x6d290000 - 0x6d298000 	C:\Program Files\Java\jre6\bin\hpi.dll
0x6d7f0000 - 0x6d7ff000 	C:\Program Files\Java\jre6\bin\zip.dll

VM Arguments:
jvm_args: -Dfile.encoding=Cp1252 -Xbootclasspath:C:\Program Files\android-sdk-windows-1.6_r1\platforms\android-1.6\android.jar 
java_command: com.game.weichi.GoPlayer
Launcher Type: SUN_STANDARD

Environment Variables:
CLASSPATH=.
PATH=C:/Program Files/Java/jre6/bin/client;C:/Program Files/Java/jre6/bin;C:\WINDOWS\system32;C:\WINDOWS;C:\WINDOWS\System32\Wbem;C:\Program Files\SecureCRT\;C:\PROGRA~1\SecureFX;C:\Program Files\MATLAB\R2008b\bin;C:\Program Files\MATLAB\R2008b\bin\win32;C:\Program Files\android-sdk-windows-1.5_r3\tools; C:\Program Files\Java\jdk1.6.0_10\bin
USERNAME=gg5j
OS=Windows_NT
PROCESSOR_IDENTIFIER=x86 Family 15 Model 3 Stepping 3, GenuineIntel



---------------  S Y S T E M  ---------------

OS: Windows XP Build 2600 Service Pack 3

CPU:total 2 (1 cores per cpu, 2 threads per core) family 15 model 3 stepping 3, cmov, cx8, fxsr, mmx, sse, sse2, sse3, ht

Memory: 4k page, physical 2096364k(642132k free), swap 3516076k(2291104k free)

vm_info: Java HotSpot(TM) Client VM (14.1-b02) for windows-x86 JRE (1.6.0_15-b03), built on Jul 25 2009 01:22:46 by "java_re" with MS VC++ 7.1

time: Thu Nov 19 20:00:10 2009
elapsed time: 0 seconds

